Jan-14 14:51:17.646 [main] DEBUG nextflow.cli.Launcher - $> nextflow run main.nf --input samplesheet_test.csv -resume
Jan-14 14:51:17.860 [main] INFO  nextflow.cli.CmdRun - N E X T F L O W  ~  version 23.10.0
Jan-14 14:51:17.890 [main] DEBUG nextflow.plugin.PluginsFacade - Setting up plugin manager > mode=prod; embedded=false; plugins-dir=/home/vmartin/.nextflow/plugins; core-plugins: nf-amazon@2.1.4,nf-azure@1.3.2,nf-cloudcache@0.3.0,nf-codecommit@0.1.5,nf-console@1.0.6,nf-ga4gh@1.1.0,nf-google@1.8.3,nf-tower@1.6.3,nf-wave@1.0.0
Jan-14 14:51:17.907 [main] INFO  o.pf4j.DefaultPluginStatusProvider - Enabled plugins: []
Jan-14 14:51:17.909 [main] INFO  o.pf4j.DefaultPluginStatusProvider - Disabled plugins: []
Jan-14 14:51:17.913 [main] INFO  org.pf4j.DefaultPluginManager - PF4J version 3.4.1 in 'deployment' mode
Jan-14 14:51:17.928 [main] INFO  org.pf4j.AbstractPluginManager - No plugins
Jan-14 14:51:17.956 [main] DEBUG nextflow.config.ConfigBuilder - Found config local: /research/rgs01/home/clusterHome/vmartin/projects/snmcseq/pipeline/scmethyl/nextflow.config
Jan-14 14:51:17.958 [main] DEBUG nextflow.config.ConfigBuilder - Parsing config file: /research/rgs01/home/clusterHome/vmartin/projects/snmcseq/pipeline/scmethyl/nextflow.config
Jan-14 14:51:17.993 [main] DEBUG nextflow.config.ConfigBuilder - Applying config profile: `standard`
Jan-14 14:51:18.841 [main] DEBUG nextflow.cli.CmdRun - Applied DSL=2 from script declararion
Jan-14 14:51:18.862 [main] INFO  nextflow.cli.CmdRun - Launching `main.nf` [backstabbing_ptolemy] DSL2 - revision: de099eabf7
Jan-14 14:51:18.863 [main] DEBUG nextflow.plugin.PluginsFacade - Plugins default=[]
Jan-14 14:51:18.863 [main] DEBUG nextflow.plugin.PluginsFacade - Plugins resolved requirement=[]
Jan-14 14:51:18.910 [main] DEBUG n.secret.LocalSecretsProvider - Secrets store: /home/vmartin/.nextflow/secrets/store.json
Jan-14 14:51:18.914 [main] DEBUG nextflow.secret.SecretsLoader - Discovered secrets providers: [nextflow.secret.LocalSecretsProvider@3f1ed068] - activable => nextflow.secret.LocalSecretsProvider@3f1ed068
Jan-14 14:51:18.983 [main] DEBUG nextflow.Session - Session UUID: c52b31c4-7104-42c2-b1dc-4ceb5f51b1f2
Jan-14 14:51:18.983 [main] DEBUG nextflow.Session - Run name: backstabbing_ptolemy
Jan-14 14:51:18.984 [main] DEBUG nextflow.Session - Executor pool size: 32
Jan-14 14:51:18.993 [main] DEBUG nextflow.file.FilePorter - File porter settings maxRetries=3; maxTransfers=50; pollTimeout=null
Jan-14 14:51:18.998 [main] DEBUG nextflow.util.ThreadPoolBuilder - Creating thread pool 'FileTransfer' minSize=10; maxSize=96; workQueue=LinkedBlockingQueue[10000]; allowCoreThreadTimeout=false
Jan-14 14:51:19.059 [main] DEBUG nextflow.cli.CmdRun - 
  Version: 23.10.0 build 5889
  Created: 15-10-2023 15:07 UTC (10:07 CDT)
  System: Linux 4.18.0-477.58.1.el8_8.x86_64
  Runtime: Groovy 3.0.19 on OpenJDK 64-Bit Server VM 20.0.2+9-78
  Encoding: UTF-8 (UTF-8)
  Process: 2812239@splprhpc11 [10.220.19.198]
  CPUs: 32 - Mem: 991.6 GB (901.3 GB) - Swap: 16 GB (14.8 GB)
Jan-14 14:51:19.121 [main] DEBUG nextflow.Session - Work-dir: /research/rgs01/home/clusterHome/vmartin/projects/snmcseq/pipeline/scmethyl/work [gpfs]
Jan-14 14:51:19.224 [main] DEBUG nextflow.executor.ExecutorFactory - Extension executors providers=[]
Jan-14 14:51:19.238 [main] DEBUG nextflow.Session - Observer factory: DefaultObserverFactory
Jan-14 14:51:19.309 [main] DEBUG nextflow.cache.CacheFactory - Using Nextflow cache factory: nextflow.cache.DefaultCacheFactory
Jan-14 14:51:19.323 [main] DEBUG nextflow.util.CustomThreadPool - Creating default thread pool > poolSize: 33; maxThreads: 1000
Jan-14 14:51:19.491 [main] DEBUG nextflow.Session - Session start
Jan-14 14:51:19.738 [main] DEBUG nextflow.script.ScriptRunner - > Launching execution
Jan-14 14:51:21.451 [main] DEBUG nextflow.script.ProcessConfig - Config settings `withLabel:process_high` matches labels `process_high` for process with name SCMETHV1:BCSPLIT
Jan-14 14:51:21.460 [main] DEBUG nextflow.executor.ExecutorFactory - << taskConfig executor: local
Jan-14 14:51:21.461 [main] DEBUG nextflow.executor.ExecutorFactory - >> processorType: 'local'
Jan-14 14:51:21.469 [main] DEBUG nextflow.executor.Executor - [warm up] executor > local
Jan-14 14:51:21.479 [main] DEBUG n.processor.LocalPollingMonitor - Creating local task monitor for executor 'local' > cpus=32; memory=991.6 GB; capacity=32; pollInterval=100ms; dumpInterval=5m
Jan-14 14:51:21.482 [main] DEBUG n.processor.TaskPollingMonitor - >>> barrier register (monitor: local)
Jan-14 14:51:21.586 [main] DEBUG nextflow.script.ProcessConfig - Config settings `withLabel:process_med` matches labels `process_med` for process with name SCMETHV1:FASTP
Jan-14 14:51:21.587 [main] DEBUG nextflow.executor.ExecutorFactory - << taskConfig executor: local
Jan-14 14:51:21.587 [main] DEBUG nextflow.executor.ExecutorFactory - >> processorType: 'local'
Jan-14 14:51:21.596 [main] DEBUG nextflow.script.ProcessConfig - Config settings `withLabel:process_med` matches labels `process_med` for process with name SCMETHV1:METHYLCTOOLS_FQCONV
Jan-14 14:51:21.597 [main] DEBUG nextflow.executor.ExecutorFactory - << taskConfig executor: local
Jan-14 14:51:21.597 [main] DEBUG nextflow.executor.ExecutorFactory - >> processorType: 'local'
Jan-14 14:51:21.603 [main] DEBUG nextflow.script.ProcessConfig - Config settings `withLabel:process_med` matches labels `process_med` for process with name SCMETHV1:SAMBAMBA_MARKDUP
Jan-14 14:51:21.604 [main] DEBUG nextflow.executor.ExecutorFactory - << taskConfig executor: local
Jan-14 14:51:21.605 [main] DEBUG nextflow.executor.ExecutorFactory - >> processorType: 'local'
Jan-14 14:51:21.611 [main] DEBUG nextflow.script.ProcessConfig - Config settings `withLabel:process_med` matches labels `process_med` for process with name SCMETHV1:METHYLCTOOLS_BCALL
Jan-14 14:51:21.612 [main] DEBUG nextflow.executor.ExecutorFactory - << taskConfig executor: local
Jan-14 14:51:21.612 [main] DEBUG nextflow.executor.ExecutorFactory - >> processorType: 'local'
Jan-14 14:51:21.616 [main] DEBUG nextflow.Session - Workflow process names [dsl2]: METHYLDACKEL, SCMETHV1:METHYLCTOOLS_FQCONV, SCMETHV1:SAMBAMBA_MARKDUP, SAMBAMBA_MARKDUP, BISCUIT_ALIGN, METHYLCTOOLS_BCALL, METHYLCTOOLS_FQCONV, SCMETHV1:FASTP, SCMETHV1:METHYLCTOOLS_BCALL, FASTP, SCMETHV1:BCSPLIT, BCSPLIT
Jan-14 14:51:21.617 [main] DEBUG nextflow.Session - Igniting dataflow network (6)
Jan-14 14:51:21.625 [main] DEBUG nextflow.processor.TaskProcessor - Starting process > SCMETHV1:BCSPLIT
Jan-14 14:51:21.626 [main] DEBUG nextflow.processor.TaskProcessor - Starting process > SCMETHV1:FASTP
Jan-14 14:51:21.627 [main] DEBUG nextflow.processor.TaskProcessor - Starting process > SCMETHV1:METHYLCTOOLS_FQCONV
Jan-14 14:51:21.627 [main] DEBUG nextflow.processor.TaskProcessor - Starting process > SCMETHV1:SAMBAMBA_MARKDUP
Jan-14 14:51:21.628 [main] DEBUG nextflow.processor.TaskProcessor - Starting process > SCMETHV1:METHYLCTOOLS_BCALL
Jan-14 14:51:21.628 [main] DEBUG nextflow.script.ScriptRunner - Parsed script files:
  Script_48a550c00995adbd: /research/rgs01/home/clusterHome/vmartin/projects/snmcseq/pipeline/scmethyl/./workflows/../modules/fastp/fastp.nf
  Script_8e2fa8e671e7941a: /research/rgs01/home/clusterHome/vmartin/projects/snmcseq/pipeline/scmethyl/main.nf
  Script_7f83f7ed650772c1: /research/rgs01/home/clusterHome/vmartin/projects/snmcseq/pipeline/scmethyl/./workflows/scmethv2.nf
  Script_9902f77cacd25ed9: /research/rgs01/home/clusterHome/vmartin/projects/snmcseq/pipeline/scmethyl/./workflows/../modules/methylctools/fqconv.nf
  Script_961aef57a5c3dd79: /research/rgs01/home/clusterHome/vmartin/projects/snmcseq/pipeline/scmethyl/./workflows/../modules/methylctools/bcall.nf
  Script_31c2b3788563fff6: /research/rgs01/home/clusterHome/vmartin/projects/snmcseq/pipeline/scmethyl/./workflows/../modules/methyldackel/methyldackel.nf
  Script_22aaea99c30ef227: /research/rgs01/home/clusterHome/vmartin/projects/snmcseq/pipeline/scmethyl/./workflows/../modules/sambamba/markdup.nf
  Script_ce3f7e19096b9f15: /research/rgs01/home/clusterHome/vmartin/projects/snmcseq/pipeline/scmethyl/./workflows/../modules/biscuit/align.nf
  Script_c755d5a7222a1756: /research/rgs01/home/clusterHome/vmartin/projects/snmcseq/pipeline/scmethyl/./workflows/../modules/custom/bcsplit.nf
  Script_f1aa718a6905a5f2: /research/rgs01/home/clusterHome/vmartin/projects/snmcseq/pipeline/scmethyl/./workflows/scmethv1.nf
Jan-14 14:51:21.628 [main] DEBUG nextflow.script.ScriptRunner - > Awaiting termination 
Jan-14 14:51:21.628 [main] DEBUG nextflow.Session - Session await
Jan-14 14:51:21.827 [Actor Thread 22] DEBUG nextflow.conda.CondaCache - conda found local env for environment=/research/groups/northcgrp/home/common/Vincentius/envs/renv; path=/research/groups/northcgrp/home/common/Vincentius/envs/renv
Jan-14 14:51:21.972 [Actor Thread 20] INFO  nextflow.processor.TaskProcessor - [6c/09e2cc] Cached process > SCMETHV1:BCSPLIT (blabla_P7L1_S1)
Jan-14 14:51:22.006 [Actor Thread 20] DEBUG nextflow.util.ThreadPoolBuilder - Creating thread pool 'PublishDir' minSize=10; maxSize=96; workQueue=LinkedBlockingQueue[10000]; allowCoreThreadTimeout=false
Jan-14 14:51:22.096 [Actor Thread 20] INFO  nextflow.processor.TaskProcessor - [1f/2a830b] Cached process > SCMETHV1:FASTP (blabla_P7L1_S1-AD001)
Jan-14 14:51:22.097 [Actor Thread 25] INFO  nextflow.processor.TaskProcessor - [cf/bfd27b] Cached process > SCMETHV1:FASTP (blabla_P7L1_S1-AD004)
Jan-14 14:51:22.097 [Actor Thread 32] INFO  nextflow.processor.TaskProcessor - [1a/bb0fe9] Cached process > SCMETHV1:FASTP (blabla_P7L1_S1-AD006)
Jan-14 14:51:22.097 [Actor Thread 30] INFO  nextflow.processor.TaskProcessor - [15/c27f53] Cached process > SCMETHV1:FASTP (blabla_P7L1_S1-AD002)
Jan-14 14:51:22.098 [Actor Thread 31] INFO  nextflow.processor.TaskProcessor - [ac/00a1ec] Cached process > SCMETHV1:FASTP (blabla_P7L1_S1-AD007)
Jan-14 14:51:22.099 [Actor Thread 26] INFO  nextflow.processor.TaskProcessor - [50/41939e] Cached process > SCMETHV1:FASTP (blabla_P7L1_S1-NA)
Jan-14 14:51:22.100 [Actor Thread 29] INFO  nextflow.processor.TaskProcessor - [d1/7e805d] Cached process > SCMETHV1:FASTP (blabla_P7L1_S1-AD008)
Jan-14 14:51:22.100 [Actor Thread 27] INFO  nextflow.processor.TaskProcessor - [4c/52f897] Cached process > SCMETHV1:FASTP (blabla_P7L1_S1-AD012)
Jan-14 14:51:22.101 [Actor Thread 28] INFO  nextflow.processor.TaskProcessor - [d3/6cb365] Cached process > SCMETHV1:FASTP (blabla_P7L1_S1-AD010)
Jan-14 14:51:22.116 [Actor Thread 18] DEBUG nextflow.conda.CondaCache - conda found local env for environment=/research/groups/northcgrp/home/common/Vincentius/envs/scWGBS_pip; path=/research/groups/northcgrp/home/common/Vincentius/envs/scWGBS_pip
Jan-14 14:51:22.132 [Actor Thread 32] INFO  nextflow.processor.TaskProcessor - [9e/1df916] Cached process > SCMETHV1:METHYLCTOOLS_FQCONV (blabla_P7L1_S1-AD008)
Jan-14 14:51:22.133 [Actor Thread 22] INFO  nextflow.processor.TaskProcessor - [27/4f1419] Cached process > SCMETHV1:METHYLCTOOLS_FQCONV (blabla_P7L1_S1-AD001)
Jan-14 14:51:22.133 [Actor Thread 12] INFO  nextflow.processor.TaskProcessor - [b7/b07938] Cached process > SCMETHV1:METHYLCTOOLS_FQCONV (blabla_P7L1_S1-AD012)
Jan-14 14:51:22.133 [Actor Thread 15] INFO  nextflow.processor.TaskProcessor - [53/fd160e] Cached process > SCMETHV1:METHYLCTOOLS_FQCONV (blabla_P7L1_S1-AD007)
Jan-14 14:51:22.134 [Actor Thread 17] INFO  nextflow.processor.TaskProcessor - [e0/75835b] Cached process > SCMETHV1:METHYLCTOOLS_FQCONV (blabla_P7L1_S1-AD006)
Jan-14 14:51:22.134 [Actor Thread 16] INFO  nextflow.processor.TaskProcessor - [06/6b4ea7] Cached process > SCMETHV1:METHYLCTOOLS_FQCONV (blabla_P7L1_S1-NA)
Jan-14 14:51:22.135 [Actor Thread 14] INFO  nextflow.processor.TaskProcessor - [31/71c91d] Cached process > SCMETHV1:METHYLCTOOLS_FQCONV (blabla_P7L1_S1-AD010)
Jan-14 14:51:22.136 [Actor Thread 19] INFO  nextflow.processor.TaskProcessor - [1a/74340d] Cached process > SCMETHV1:METHYLCTOOLS_FQCONV (blabla_P7L1_S1-AD002)
Jan-14 14:51:22.136 [Actor Thread 21] INFO  nextflow.processor.TaskProcessor - [17/a5b6d1] Cached process > SCMETHV1:METHYLCTOOLS_FQCONV (blabla_P7L1_S1-AD004)
Jan-14 14:51:22.203 [Actor Thread 28] DEBUG nextflow.conda.CondaCache - conda found local env for environment=/research/groups/northcgrp/home/common/Vincentius/envs/methylctools; path=/research/groups/northcgrp/home/common/Vincentius/envs/methylctools
Jan-14 14:51:22.219 [Actor Thread 20] INFO  nextflow.processor.TaskProcessor - [3a/b8811a] Cached process > SCMETHV1:SAMBAMBA_MARKDUP (blabla_P7L1_S1-NA)
Jan-14 14:51:22.220 [Actor Thread 33] INFO  nextflow.processor.TaskProcessor - [48/22b717] Cached process > SCMETHV1:SAMBAMBA_MARKDUP (blabla_P7L1_S1-AD008)
Jan-14 14:51:22.220 [Actor Thread 23] INFO  nextflow.processor.TaskProcessor - [fb/7cb709] Cached process > SCMETHV1:SAMBAMBA_MARKDUP (blabla_P7L1_S1-AD001)
Jan-14 14:51:22.221 [Actor Thread 31] INFO  nextflow.processor.TaskProcessor - [6d/9d4b0f] Cached process > SCMETHV1:SAMBAMBA_MARKDUP (blabla_P7L1_S1-AD007)
Jan-14 14:51:22.221 [Actor Thread 10] INFO  nextflow.processor.TaskProcessor - [45/13325c] Cached process > SCMETHV1:SAMBAMBA_MARKDUP (blabla_P7L1_S1-AD004)
Jan-14 14:51:22.221 [Actor Thread 25] INFO  nextflow.processor.TaskProcessor - [d0/d5d29e] Cached process > SCMETHV1:SAMBAMBA_MARKDUP (blabla_P7L1_S1-AD006)
Jan-14 14:51:22.221 [Actor Thread 29] INFO  nextflow.processor.TaskProcessor - [2c/9a0362] Cached process > SCMETHV1:SAMBAMBA_MARKDUP (blabla_P7L1_S1-AD012)
Jan-14 14:51:22.221 [Actor Thread 30] INFO  nextflow.processor.TaskProcessor - [28/8db610] Cached process > SCMETHV1:SAMBAMBA_MARKDUP (blabla_P7L1_S1-AD002)
Jan-14 14:51:22.221 [Actor Thread 24] INFO  nextflow.processor.TaskProcessor - [c6/dcd4c3] Cached process > SCMETHV1:SAMBAMBA_MARKDUP (blabla_P7L1_S1-AD010)
Jan-14 14:51:22.360 [Task submitter] DEBUG n.executor.local.LocalTaskHandler - Launch cmd line: /bin/bash -ue .command.run
Jan-14 14:51:22.363 [Task submitter] INFO  nextflow.Session - [ef/370312] Submitted process > SCMETHV1:METHYLCTOOLS_BCALL (blabla_P7L1_S1-AD004)
Jan-14 14:51:22.372 [Task submitter] DEBUG n.executor.local.LocalTaskHandler - Launch cmd line: /bin/bash -ue .command.run
Jan-14 14:51:22.373 [Task submitter] INFO  nextflow.Session - [ed/95b1e1] Submitted process > SCMETHV1:METHYLCTOOLS_BCALL (blabla_P7L1_S1-AD006)
Jan-14 14:51:22.379 [Task submitter] DEBUG n.executor.local.LocalTaskHandler - Launch cmd line: /bin/bash -ue .command.run
Jan-14 14:51:22.380 [Task submitter] INFO  nextflow.Session - [23/2fa5d3] Submitted process > SCMETHV1:METHYLCTOOLS_BCALL (blabla_P7L1_S1-NA)
Jan-14 14:51:22.386 [Task submitter] DEBUG n.executor.local.LocalTaskHandler - Launch cmd line: /bin/bash -ue .command.run
Jan-14 14:51:22.386 [Task submitter] INFO  nextflow.Session - [d3/d568d8] Submitted process > SCMETHV1:METHYLCTOOLS_BCALL (blabla_P7L1_S1-AD001)
Jan-14 14:51:22.393 [Task submitter] DEBUG n.executor.local.LocalTaskHandler - Launch cmd line: /bin/bash -ue .command.run
Jan-14 14:51:22.393 [Task submitter] INFO  nextflow.Session - [6c/08a605] Submitted process > SCMETHV1:METHYLCTOOLS_BCALL (blabla_P7L1_S1-AD008)
Jan-14 14:51:22.399 [Task submitter] DEBUG n.executor.local.LocalTaskHandler - Launch cmd line: /bin/bash -ue .command.run
Jan-14 14:51:22.400 [Task submitter] INFO  nextflow.Session - [09/dfef26] Submitted process > SCMETHV1:METHYLCTOOLS_BCALL (blabla_P7L1_S1-AD012)
Jan-14 14:51:22.405 [Task submitter] DEBUG n.executor.local.LocalTaskHandler - Launch cmd line: /bin/bash -ue .command.run
Jan-14 14:51:22.406 [Task submitter] INFO  nextflow.Session - [4f/6340be] Submitted process > SCMETHV1:METHYLCTOOLS_BCALL (blabla_P7L1_S1-AD007)
Jan-14 14:51:22.411 [Task submitter] DEBUG n.executor.local.LocalTaskHandler - Launch cmd line: /bin/bash -ue .command.run
Jan-14 14:51:22.412 [Task submitter] INFO  nextflow.Session - [e0/a308be] Submitted process > SCMETHV1:METHYLCTOOLS_BCALL (blabla_P7L1_S1-AD010)
Jan-14 14:51:22.418 [Task submitter] DEBUG n.executor.local.LocalTaskHandler - Launch cmd line: /bin/bash -ue .command.run
Jan-14 14:51:22.418 [Task submitter] INFO  nextflow.Session - [8d/96ed4b] Submitted process > SCMETHV1:METHYLCTOOLS_BCALL (blabla_P7L1_S1-AD002)
Jan-14 14:55:05.189 [Task monitor] DEBUG n.processor.TaskPollingMonitor - Task completed > TaskHandler[id: 37; name: SCMETHV1:METHYLCTOOLS_BCALL (blabla_P7L1_S1-AD004); status: COMPLETED; exit: 0; error: -; workDir: /research/rgs01/home/clusterHome/vmartin/projects/snmcseq/pipeline/scmethyl/work/ef/3703121a4c41082b09a7c7fb979a0f]
Jan-14 14:55:11.064 [Task monitor] DEBUG n.processor.TaskPollingMonitor - Task completed > TaskHandler[id: 32; name: SCMETHV1:METHYLCTOOLS_BCALL (blabla_P7L1_S1-AD007); status: COMPLETED; exit: 0; error: -; workDir: /research/rgs01/home/clusterHome/vmartin/projects/snmcseq/pipeline/scmethyl/work/4f/6340be15cc5358e5a6a65f69cd2c23]
Jan-14 14:55:14.517 [Task monitor] DEBUG n.processor.TaskPollingMonitor - Task completed > TaskHandler[id: 31; name: SCMETHV1:METHYLCTOOLS_BCALL (blabla_P7L1_S1-AD001); status: COMPLETED; exit: 0; error: -; workDir: /research/rgs01/home/clusterHome/vmartin/projects/snmcseq/pipeline/scmethyl/work/d3/d568d87a50a98a411479969d137a78]
Jan-14 14:55:17.014 [Task monitor] DEBUG n.processor.TaskPollingMonitor - Task completed > TaskHandler[id: 29; name: SCMETHV1:METHYLCTOOLS_BCALL (blabla_P7L1_S1-NA); status: COMPLETED; exit: 0; error: -; workDir: /research/rgs01/home/clusterHome/vmartin/projects/snmcseq/pipeline/scmethyl/work/23/2fa5d346f2129883889f1ac9f5d3f9]
Jan-14 14:55:17.510 [Task monitor] DEBUG n.processor.TaskPollingMonitor - Task completed > TaskHandler[id: 33; name: SCMETHV1:METHYLCTOOLS_BCALL (blabla_P7L1_S1-AD002); status: COMPLETED; exit: 0; error: -; workDir: /research/rgs01/home/clusterHome/vmartin/projects/snmcseq/pipeline/scmethyl/work/8d/96ed4be870618e0f65b39dd46dc990]
Jan-14 14:55:18.468 [Task monitor] DEBUG n.processor.TaskPollingMonitor - Task completed > TaskHandler[id: 30; name: SCMETHV1:METHYLCTOOLS_BCALL (blabla_P7L1_S1-AD008); status: COMPLETED; exit: 0; error: -; workDir: /research/rgs01/home/clusterHome/vmartin/projects/snmcseq/pipeline/scmethyl/work/6c/08a605d992a4aecce691be94928000]
Jan-14 14:55:19.181 [Task monitor] DEBUG n.processor.TaskPollingMonitor - Task completed > TaskHandler[id: 36; name: SCMETHV1:METHYLCTOOLS_BCALL (blabla_P7L1_S1-AD006); status: COMPLETED; exit: 0; error: -; workDir: /research/rgs01/home/clusterHome/vmartin/projects/snmcseq/pipeline/scmethyl/work/ed/95b1e109160e0951f0d9ef14b3bed3]
Jan-14 14:55:19.596 [Task monitor] DEBUG n.processor.TaskPollingMonitor - Task completed > TaskHandler[id: 35; name: SCMETHV1:METHYLCTOOLS_BCALL (blabla_P7L1_S1-AD010); status: COMPLETED; exit: 0; error: -; workDir: /research/rgs01/home/clusterHome/vmartin/projects/snmcseq/pipeline/scmethyl/work/e0/a308beb7d394ab4433599479473415]
Jan-14 14:55:24.740 [Task monitor] DEBUG n.processor.TaskPollingMonitor - Task completed > TaskHandler[id: 34; name: SCMETHV1:METHYLCTOOLS_BCALL (blabla_P7L1_S1-AD012); status: COMPLETED; exit: 0; error: -; workDir: /research/rgs01/home/clusterHome/vmartin/projects/snmcseq/pipeline/scmethyl/work/09/dfef266741ecb183e7a67045f5e361]
Jan-14 14:55:24.747 [main] DEBUG nextflow.Session - Session await > all processes finished
Jan-14 14:55:24.749 [Task monitor] DEBUG n.processor.TaskPollingMonitor - <<< barrier arrives (monitor: local) - terminating tasks monitor poll loop
Jan-14 14:55:24.749 [main] DEBUG nextflow.Session - Session await > all barriers passed
Jan-14 14:55:24.754 [main] DEBUG nextflow.util.ThreadPoolManager - Thread pool 'PublishDir' shutdown completed (hard=false)
Jan-14 14:55:24.760 [main] DEBUG n.trace.WorkflowStatsObserver - Workflow completed > WorkflowStats[succeededCount=9; failedCount=0; ignoredCount=0; cachedCount=28; pendingCount=0; submittedCount=0; runningCount=0; retriesCount=0; abortedCount=0; succeedDuration=35m 5s; failedDuration=0ms; cachedDuration=6m 28s;loadCpus=0; loadMemory=0; peakRunning=9; peakCpus=9; peakMemory=72 GB; ]
Jan-14 14:55:25.014 [main] DEBUG nextflow.cache.CacheDB - Closing CacheDB done
Jan-14 14:55:25.104 [main] DEBUG nextflow.util.ThreadPoolManager - Thread pool 'FileTransfer' shutdown completed (hard=false)
Jan-14 14:55:25.105 [main] DEBUG nextflow.script.ScriptRunner - > Execution complete -- Goodbye
